2018.04.01 디자인 : footer 수정, BASF 로그 추가
$_Get : 앞의 페이지에서 변수가 넘어오는 것을 받는 부분.
style.css에서 class = ''의 형식으로 디자인 지정이 가능
Veiw page 작성
2018.04.08 Git hub사용
not-fast-forward error : Window->show view->orther / Git-> Git Repositories
내용이 복잡하므로 다음의 URL을 참조. http://blog.naver.com/PostView.nhn?blogId=sim4858&logNo=220924984480
동기화 테스트
*중요한것 1. php프로젝트 생성시 php프로젝트로 생성하여 httpdoc폴더에 파일이 생성되도록 해줄 것. 2. Git Hub 연동시 1에서 생성한 폴더와 동일하게 생성 시켜 줄것.
2018.04.08 23:31
Think-PC에 GitHub연동 완료
Error message 출력하게 하는 방법 찾기 : *php는 콘솔에서는 안되고 실행된 웹 화면에서 출력 할 수 있다. http://minimonk.net/6525
2018.04.09 mysql 접속 에러 해결
database 생성을 안해놓아서 문제가 생김. aem_lims database를 생성함. pmenu -> $pmenu로 변경하니 불완전한 화면이 출력됨.
db에 내용이 없는 것도 이유일것으로 추정.
2018.04.11 mysql 접속 에러 찾기
문제 : atal error: Uncaught Error: Class 'mysqli' not found, 해결 시도 1: php.ini파일
apache restart extension=php_mysqli.dll 앞에 주석도 지움 - 그러고는 phpinfo.php 페이지를 통해 mysqli 모듈이 작동 되고 있는지를 확인
에러 재 발생 : Couldn't fetch mysqli in
$row = mysqli_fetch_array($result) -> $row = mysqli_query($con, $sql)
출처: http://usefull.tistory.com/162 [가득 차 있는 공간]
=> 문제는 완전히 다른곳에 있었다. aem_lims 이름으로된 talble이 없었던 것. 새로 생성해주니 화면이 불러와 진다.
따라서 mysqli를 호출 하지 않아도 되었을 것일 수도 다시 되돌려 놓아 보자.
업로드 테스트
2018.04.15 login 폴더 생성 관리
동일한 layout을 공유하는데 있어서 경로가 달라 include가 복잡해서 폴더의 단계를 동일하게 하고자 login 폴더를 만들어 회원 관리 페이지를 모두 넣음
layout side메뉴 표기 수정
프로젝트에 aem_lims라는 이름을 한번더 사용 했으므로 board[1]는 aem_lims, board[2]는 program이 표시 된다. 큰 카테고리를 지정하여 사이드 메뉴를 표기
2018.04.16 index의  pmenu 변수의 특성을 알아내야 다음 단뎨로 갈 수 있다.
pmenu는 private $pmenu array다.
Cannot access private property Layout::$pmenu => 에러가 발생한다. private 변수에 접근을 못하고 있다.
Call_pmenu 함수로 만들어 호출이 가능하도록 함.
pmenu 변수를 public 으로 선언해주니 While문이 실행 됨
Array는 변경해서 사용해야 한다.
2018.04.19 내용 표시 부분에 시범 표시 완료
구조 자체를 바꿔야 함.